<?xml version="1.0" encoding="UTF-8"?>
<!-- Generated by org.testng.reporters.JUnitReportReporter -->
<testsuite skipped="0" hostname="DESKTOP-5VKH5IB" name="ShaileshTest.Maven.AppiumTest" tests="2" failures="0" timestamp="2020-05-13T16:01:02 IST" time="0.008" errors="0">
  <testcase name="IOS" time="0.001" classname="ShaileshTest.Maven.AppiumTest"/>
  <system-out/>
  <testcase name="Androied" time="0.007" classname="ShaileshTest.Maven.AppiumTest"/>
  <system-out/>
</testsuite> <!-- ShaileshTest.Maven.AppiumTest -->
