<?xml version="1.0" encoding="UTF-8"?>
<!-- Generated by org.testng.reporters.JUnitReportReporter -->
<testsuite skipped="0" hostname="DESKTOP-5VKH5IB" name="ShaileshTest.Maven.AppiumTest" tests="2" failures="0" timestamp="16 May 2020 03:12:22 GMT" time="0.009" errors="0">
  <testcase name="IOS" time="0.002" classname="ShaileshTest.Maven.AppiumTest"/>
  <testcase name="Androied" time="0.007" classname="ShaileshTest.Maven.AppiumTest"/>
</testsuite> <!-- ShaileshTest.Maven.AppiumTest -->
