<?xml version="1.0" encoding="UTF-8"?>
<!-- Generated by org.testng.reporters.JUnitReportReporter -->
<testsuite skipped="0" hostname="DESKTOP-5VKH5IB" name="ShaileshTest.Maven.seleniumTest" tests="2" failures="0" timestamp="16 May 2020 03:07:29 GMT" time="0.001" errors="0">
  <testcase name="BrowsweTest" time="0.000" classname="ShaileshTest.Maven.seleniumTest"/>
  <testcase name="UITEST" time="0.001" classname="ShaileshTest.Maven.seleniumTest"/>
</testsuite> <!-- ShaileshTest.Maven.seleniumTest -->
